#
# There is insufficient memory for the Java Runtime Environment to continue.
# Native memory allocation (mmap) failed to map 134217728 bytes for G1 virtual space
# Possible reasons:
#   The system is out of physical RAM or swap space
#   The process is running with CompressedOops enabled, and the Java Heap may be blocking the growth of the native heap
# Possible solutions:
#   Reduce memory load on the system
#   Increase physical memory or swap space
#   Check if swap backing store is full
#   Decrease Java heap size (-Xmx/-Xms)
#   Decrease number of Java threads
#   Decrease Java thread stack sizes (-Xss)
#   Set larger code cache with -XX:ReservedCodeCacheSize=
#   JVM is running with Unscaled Compressed Oops mode in which the Java heap is
#     placed in the first 4GB address space. The Java Heap base address is the
#     maximum limit for the native heap growth. Please use -XX:HeapBaseMinAddress
#     to set the Java Heap base and to place the Java Heap above 4GB virtual address.
# This output file may be truncated or incomplete.
#
#  Out of Memory Error (os_windows.cpp:3771), pid=5300, tid=9768
#
# JRE version:  (17.0.7+10) (build )
# Java VM: OpenJDK 64-Bit Server VM (17.0.7+10-b829.16, mixed mode, sharing, tiered, compressed oops, compressed class ptrs, g1 gc, windows-amd64)
# No core dump will be written. Minidumps are not enabled by default on client versions of Windows
#

---------------  S U M M A R Y ------------

Command Line: git4idea.http.GitAskPassApp Username for 'https://github.com': 

Host: Intel(R) Core(TM) i5-8250U CPU @ 1.60GHz, 8 cores, 7G,  Windows 11 , 64 bit Build 22621 (10.0.22621.2070)
Time: Sat Jul 29 14:59:15 2023 Sri Lanka Standard Time elapsed time: 0.010974 seconds (0d 0h 0m 0s)

---------------  T H R E A D  ---------------

Current thread (0x000001e4ae058960):  JavaThread "Unknown thread" [_thread_in_vm, id=9768, stack(0x000000a090c00000,0x000000a090d00000)]

Stack: [0x000000a090c00000,0x000000a090d00000]
Native frames: (J=compiled Java code, j=interpreted, Vv=VM code, C=native code)
V  [jvm.dll+0x683cca]
V  [jvm.dll+0x8424b4]
V  [jvm.dll+0x843cae]
V  [jvm.dll+0x844313]
V  [jvm.dll+0x24ad2f]
V  [jvm.dll+0x680b99]
V  [jvm.dll+0x67526a]
V  [jvm.dll+0x30b3cb]
V  [jvm.dll+0x312876]
V  [jvm.dll+0x36221e]
V  [jvm.dll+0x36244f]
V  [jvm.dll+0x2e14a8]
V  [jvm.dll+0x2e2414]
V  [jvm.dll+0x814441]
V  [jvm.dll+0x36ffe1]
V  [jvm.dll+0x7f3a1c]
V  [jvm.dll+0x3f305f]
V  [jvm.dll+0x3f4b91]
C  [jli.dll+0x528f]
C  [ucrtbase.dll+0x29363]
C  [KERNEL32.DLL+0x126ad]
C  [ntdll.dll+0x5aa68]


---------------  P R O C E S S  ---------------

Threads class SMR info:
_java_thread_list=0x00007ffab843b098, length=0, elements={
}

Java Threads: ( => current thread )

Other Threads:
  0x000001e4ae0b3ae0 GCTaskThread "GC Thread#0" [stack: 0x000000a090d00000,0x000000a090e00000] [id=10412]
  0x000001e4ae0c4660 ConcurrentGCThread "G1 Main Marker" [stack: 0x000000a090e00000,0x000000a090f00000] [id=3560]
  0x000001e4ae0c61e0 ConcurrentGCThread "G1 Conc#0" [stack: 0x000000a090f00000,0x000000a091000000] [id=2844]

[error occurred during error reporting (printing all threads), id 0xc0000005, EXCEPTION_ACCESS_VIOLATION (0xc0000005) at pc=0x00007ffab7bf2087]

VM state: not at safepoint (not fully initialized)

VM Mutex/Monitor currently owned by a thread:  ([mutex/lock_event])
[0x000001e4ae0543a0] Heap_lock - owner thread: 0x000001e4ae058960

Heap address: 0x0000000081e00000, size: 2018 MB, Compressed Oops mode: 32-bit

CDS archive(s) mapped at: [0x0000000000000000-0x0000000000000000-0x0000000000000000), size 0, SharedBaseAddress: 0x0000000800000000, ArchiveRelocationMode: 0.
Narrow klass base: 0x0000000000000000, Narrow klass shift: 0, Narrow klass range: 0x0

GC Precious Log:
<Empty>

Heap:
 garbage-first heap   total 0K, used 0K [0x0000000081e00000, 0x0000000100000000)
  region size 1024K, 0 young (0K), 0 survivors (0K)

[error occurred during error reporting (printing heap information), id 0xc0000005, EXCEPTION_ACCESS_VIOLATION (0xc0000005) at pc=0x00007ffab7fddf59]

GC Heap History (0 events):
No events

Dll operation events (1 events):
Event: 0.007 Loaded shared library C:\Program Files\JetBrains\IntelliJ IDEA 2023.1.1\jbr\bin\java.dll

Deoptimization events (0 events):
No events

Classes unloaded (0 events):
No events

Classes redefined (0 events):
No events

Internal exceptions (0 events):
No events

VM Operations (0 events):
No events

Events (0 events):
No events


Dynamic libraries:
0x00007ff63e620000 - 0x00007ff63e62a000 	C:\Program Files\JetBrains\IntelliJ IDEA 2023.1.1\jbr\bin\java.exe
0x00007ffb141f0000 - 0x00007ffb14404000 	C:\WINDOWS\SYSTEM32\ntdll.dll
0x00007ffb12f30000 - 0x00007ffb12ff4000 	C:\WINDOWS\System32\KERNEL32.DLL
0x00007ffb11980000 - 0x00007ffb11d24000 	C:\WINDOWS\System32\KERNELBASE.dll
0x00007ffb11dd0000 - 0x00007ffb11ee1000 	C:\WINDOWS\System32\ucrtbase.dll
0x00007ffaec210000 - 0x00007ffaec227000 	C:\Program Files\JetBrains\IntelliJ IDEA 2023.1.1\jbr\bin\jli.dll
0x00007ffaf9910000 - 0x00007ffaf992b000 	C:\Program Files\JetBrains\IntelliJ IDEA 2023.1.1\jbr\bin\VCRUNTIME140.dll
0x00007ffb13000000 - 0x00007ffb131aa000 	C:\WINDOWS\System32\USER32.dll
0x00007ffb116c0000 - 0x00007ffb116e6000 	C:\WINDOWS\System32\win32u.dll
0x00007ffaf9aa0000 - 0x00007ffaf9d2f000 	C:\WINDOWS\WinSxS\amd64_microsoft.windows.common-controls_6595b64144ccf1df_6.0.22621.2070_none_2713e6537381f706\COMCTL32.dll
0x00007ffb14090000 - 0x00007ffb140b9000 	C:\WINDOWS\System32\GDI32.dll
0x00007ffb13630000 - 0x00007ffb136d7000 	C:\WINDOWS\System32\msvcrt.dll
0x00007ffb116f0000 - 0x00007ffb11809000 	C:\WINDOWS\System32\gdi32full.dll
0x00007ffb11d30000 - 0x00007ffb11dca000 	C:\WINDOWS\System32\msvcp_win.dll
0x00007ffb13770000 - 0x00007ffb137a1000 	C:\WINDOWS\System32\IMM32.DLL
0x00007ffb0cc90000 - 0x00007ffb0cc9c000 	C:\Program Files\JetBrains\IntelliJ IDEA 2023.1.1\jbr\bin\vcruntime140_1.dll
0x00007ffaf95d0000 - 0x00007ffaf965d000 	C:\Program Files\JetBrains\IntelliJ IDEA 2023.1.1\jbr\bin\msvcp140.dll
0x00007ffab7900000 - 0x00007ffab856e000 	C:\Program Files\JetBrains\IntelliJ IDEA 2023.1.1\jbr\bin\server\jvm.dll
0x00007ffb11fb0000 - 0x00007ffb12060000 	C:\WINDOWS\System32\ADVAPI32.dll
0x00007ffb12060000 - 0x00007ffb12106000 	C:\WINDOWS\System32\sechost.dll
0x00007ffb13bd0000 - 0x00007ffb13ce7000 	C:\WINDOWS\System32\RPCRT4.dll
0x00007ffb0be00000 - 0x00007ffb0be09000 	C:\WINDOWS\SYSTEM32\WSOCK32.dll
0x00007ffb0afb0000 - 0x00007ffb0afe4000 	C:\WINDOWS\SYSTEM32\WINMM.dll
0x00007ffb0a5e0000 - 0x00007ffb0a5ea000 	C:\WINDOWS\SYSTEM32\VERSION.dll
0x00007ffb12360000 - 0x00007ffb123d1000 	C:\WINDOWS\System32\WS2_32.dll
0x00007ffb10670000 - 0x00007ffb10688000 	C:\WINDOWS\SYSTEM32\kernel.appcore.dll
0x00007ffb0bdf0000 - 0x00007ffb0bdfa000 	C:\Program Files\JetBrains\IntelliJ IDEA 2023.1.1\jbr\bin\jimage.dll
0x00007ffafc570000 - 0x00007ffafc79e000 	C:\WINDOWS\SYSTEM32\DBGHELP.DLL
0x00007ffb137b0000 - 0x00007ffb13b3a000 	C:\WINDOWS\System32\combase.dll
0x00007ffb140d0000 - 0x00007ffb141a7000 	C:\WINDOWS\System32\OLEAUT32.dll
0x00007ffaef630000 - 0x00007ffaef662000 	C:\WINDOWS\SYSTEM32\dbgcore.DLL
0x00007ffb115d0000 - 0x00007ffb1164a000 	C:\WINDOWS\System32\bcryptPrimitives.dll
0x00007ffaf1410000 - 0x00007ffaf1435000 	C:\Program Files\JetBrains\IntelliJ IDEA 2023.1.1\jbr\bin\java.dll

dbghelp: loaded successfully - version: 4.0.5 - missing functions: none
symbol engine: initialized successfully - sym options: 0x614 - pdb path: .;C:\Program Files\JetBrains\IntelliJ IDEA 2023.1.1\jbr\bin;C:\WINDOWS\SYSTEM32;C:\WINDOWS\WinSxS\amd64_microsoft.windows.common-controls_6595b64144ccf1df_6.0.22621.2070_none_2713e6537381f706;C:\Program Files\JetBrains\IntelliJ IDEA 2023.1.1\jbr\bin\server

VM Arguments:
java_command: git4idea.http.GitAskPassApp Username for 'https://github.com': 
java_class_path (initial): C:/Program Files/JetBrains/IntelliJ IDEA 2023.1.1/plugins/vcs-git/lib/git4idea-rt.jar;C:/Program Files/JetBrains/IntelliJ IDEA 2023.1.1/lib/externalProcess-rt.jar
Launcher Type: SUN_STANDARD

[Global flags]
     intx CICompilerCount                          = 4                                         {product} {ergonomic}
     uint ConcGCThreads                            = 2                                         {product} {ergonomic}
     uint G1ConcRefinementThreads                  = 8                                         {product} {ergonomic}
   size_t G1HeapRegionSize                         = 1048576                                   {product} {ergonomic}
    uintx GCDrainStackTargetSize                   = 64                                        {product} {ergonomic}
   size_t InitialHeapSize                          = 134217728                                 {product} {ergonomic}
   size_t MarkStackSize                            = 4194304                                   {product} {ergonomic}
   size_t MaxHeapSize                              = 2116026368                                {product} {ergonomic}
   size_t MinHeapDeltaBytes                        = 1048576                                   {product} {ergonomic}
   size_t MinHeapSize                              = 8388608                                   {product} {ergonomic}
    uintx NonNMethodCodeHeapSize                   = 5839372                                {pd product} {ergonomic}
    uintx NonProfiledCodeHeapSize                  = 122909434                              {pd product} {ergonomic}
    uintx ProfiledCodeHeapSize                     = 122909434                              {pd product} {ergonomic}
    uintx ReservedCodeCacheSize                    = 251658240                              {pd product} {ergonomic}
     bool SegmentedCodeCache                       = true                                      {product} {ergonomic}
   size_t SoftMaxHeapSize                          = 2116026368                             {manageable} {ergonomic}
     bool UseCompressedClassPointers               = true                           {product lp64_product} {ergonomic}
     bool UseCompressedOops                        = true                           {product lp64_product} {ergonomic}
     bool UseG1GC                                  = true                                      {product} {ergonomic}
     bool UseLargePagesIndividualAllocation        = false                                  {pd product} {ergonomic}

Logging:
Log output configuration:
 #0: stdout all=warning uptime,level,tags
 #1: stderr all=off uptime,level,tags

Environment Variables:
PATH=C:\Program Files\Git\mingw64\libexec\git-core;C:\Program Files\Git\mingw64\libexec\git-core;C:\Program Files\Git\mingw64\bin;C:\Program Files\Git\usr\bin;C:\Users\kavit\bin;C:\Program Files\Java\jdk-1.8\bin;C:\Program Files\Git\usr\bin;C:\Program Files\nodejs;C:\Users\kavit\AppData\Local\Programs\Python\Python311\Scripts;C:\Users\kavit\AppData\Local\Programs\Python\Python311;C:\Users\kavit\AppData\Local\Programs\Microsoft VS Code\bin;C:\Program Files\JetBrains\IntelliJ IDEA 2023.1.1\bin;C:\Users\kavit\AppData\Roaming\npm
USERNAME=kavit
DISPLAY=:0.0
LC_ALL=en_US.UTF-8
TERM=xterm-256color
TMPDIR=C:\WINDOWS\TEMP
OS=Windows_NT
PROCESSOR_IDENTIFIER=Intel64 Family 6 Model 142 Stepping 10, GenuineIntel
TMP=C:\WINDOWS\TEMP
TEMP=C:\WINDOWS\TEMP


JNI global refs:

[error occurred during error reporting (JNI global references), id 0xc0000005, EXCEPTION_ACCESS_VIOLATION (0xc0000005) at pc=0x00007ffab79b7fc0]


---------------  S Y S T E M  ---------------

OS:
 Windows 11 , 64 bit Build 22621 (10.0.22621.2070)
OS uptime: 0 days 6:33 hours
Hyper-V role detected

CPU: total 8 (initial active 8) (4 cores per cpu, 2 threads per core) family 6 model 142 stepping 10 microcode 0xe0, cx8, cmov, fxsr, ht, mmx, 3dnowpref, sse, sse2, sse3, ssse3, sse4.1, sse4.2, popcnt, lzcnt, tsc, tscinvbit, avx, avx2, aes, erms, clmul, bmi1, bmi2, adx, fma, vzeroupper, clflush, clflushopt, hv

Memory: 4k page, system-wide physical 8069M (1734M free)
TotalPageFile size 8469M (AvailPageFile size 127M)
current process WorkingSet (physical memory assigned to process): 11M, peak: 11M
current process commit charge ("private bytes"): 60M, peak: 188M

vm_info: OpenJDK 64-Bit Server VM (17.0.7+10-b829.16) for windows-amd64 JRE (17.0.7+10-b829.16), built on 2023-06-02 by "builduser" with MS VC++ 16.10 / 16.11 (VS2019)

END.
